This is pdfTeX, Version 3.141592653-2.6-1.40.24 (MiKTeX 22.3) (preloaded format=pdflatex 2022.4.3)  12 APR 2022 11:36
entering extended mode
 restricted \write18 enabled.
 file:line:error style messages enabled.
 %&-line parsing enabled.
**"d:/UOIT/year3/semester2/ActuatorsAndPowerElectronics/Project/powerElectronicsHexopodRobotResearchReport/Actuators and Power Electronics Report.tex"
(d:/UOIT/year3/semester2/ActuatorsAndPowerElectronics/Project/powerElectronicsHexopodRobotResearchReport/Actuators and Power Electronics Report.tex
LaTeX2e <2021-11-15> patch level 1
L3 programming layer <2022-02-24> (D:\ProgramFiles\MiKTeX\tex/latex/ieeetran\IEEEtran.cls
Document Class: IEEEtran 2015/08/26 V1.8b by Michael Shell
-- See the "IEEEtran_HOWTO" manual for usage information.
-- http://www.michaelshell.org/tex/ieeetran/
\@IEEEtrantmpdimenA=\dimen138
\@IEEEtrantmpdimenB=\dimen139
\@IEEEtrantmpdimenC=\dimen140
\@IEEEtrantmpcountA=\count185
\@IEEEtrantmpcountB=\count186
\@IEEEtrantmpcountC=\count187
\@IEEEtrantmptoksA=\toks16
LaTeX Font Info:    Trying to load font information for OT1+ptm on input line 503.
(D:\ProgramFiles\MiKTeX\tex/latex/psnfss\ot1ptm.fd
File: ot1ptm.fd 2001/06/04 font definitions for OT1/ptm.
)
-- Using 8.5in x 11in (letter) paper.
-- Using PDF output.
\@IEEEnormalsizeunitybaselineskip=\dimen141
-- This is a 10 point document.
\CLASSINFOnormalsizebaselineskip=\dimen142
\CLASSINFOnormalsizeunitybaselineskip=\dimen143
\IEEEnormaljot=\dimen144
LaTeX Font Info:    Font shape `OT1/ptm/bx/n' in size <5> not available
(Font)              Font shape `OT1/ptm/b/n' tried instead on input line 1090.
LaTeX Font Info:    Font shape `OT1/ptm/bx/it' in size <5> not available
(Font)              Font shape `OT1/ptm/b/it' tried instead on input line 1090.
LaTeX Font Info:    Font shape `OT1/ptm/bx/n' in size <7> not available
(Font)              Font shape `OT1/ptm/b/n' tried instead on input line 1090.
LaTeX Font Info:    Font shape `OT1/ptm/bx/it' in size <7> not available
(Font)              Font shape `OT1/ptm/b/it' tried instead on input line 1090.
LaTeX Font Info:    Font shape `OT1/ptm/bx/n' in size <8> not available
(Font)              Font shape `OT1/ptm/b/n' tried instead on input line 1090.
LaTeX Font Info:    Font shape `OT1/ptm/bx/it' in size <8> not available
(Font)              Font shape `OT1/ptm/b/it' tried instead on input line 1090.
LaTeX Font Info:    Font shape `OT1/ptm/bx/n' in size <9> not available
(Font)              Font shape `OT1/ptm/b/n' tried instead on input line 1090.
LaTeX Font Info:    Font shape `OT1/ptm/bx/it' in size <9> not available
(Font)              Font shape `OT1/ptm/b/it' tried instead on input line 1090.
LaTeX Font Info:    Font shape `OT1/ptm/bx/n' in size <10> not available
(Font)              Font shape `OT1/ptm/b/n' tried instead on input line 1090.
LaTeX Font Info:    Font shape `OT1/ptm/bx/it' in size <10> not available
(Font)              Font shape `OT1/ptm/b/it' tried instead on input line 1090.
LaTeX Font Info:    Font shape `OT1/ptm/bx/n' in size <11> not available
(Font)              Font shape `OT1/ptm/b/n' tried instead on input line 1090.
LaTeX Font Info:    Font shape `OT1/ptm/bx/it' in size <11> not available
(Font)              Font shape `OT1/ptm/b/it' tried instead on input line 1090.
LaTeX Font Info:    Font shape `OT1/ptm/bx/n' in size <12> not available
(Font)              Font shape `OT1/ptm/b/n' tried instead on input line 1090.
LaTeX Font Info:    Font shape `OT1/ptm/bx/it' in size <12> not available
(Font)              Font shape `OT1/ptm/b/it' tried instead on input line 1090.
LaTeX Font Info:    Font shape `OT1/ptm/bx/n' in size <17> not available
(Font)              Font shape `OT1/ptm/b/n' tried instead on input line 1090.
LaTeX Font Info:    Font shape `OT1/ptm/bx/it' in size <17> not available
(Font)              Font shape `OT1/ptm/b/it' tried instead on input line 1090.
LaTeX Font Info:    Font shape `OT1/ptm/bx/n' in size <20> not available
(Font)              Font shape `OT1/ptm/b/n' tried instead on input line 1090.
LaTeX Font Info:    Font shape `OT1/ptm/bx/it' in size <20> not available
(Font)              Font shape `OT1/ptm/b/it' tried instead on input line 1090.
LaTeX Font Info:    Font shape `OT1/ptm/bx/n' in size <24> not available
(Font)              Font shape `OT1/ptm/b/n' tried instead on input line 1090.
LaTeX Font Info:    Font shape `OT1/ptm/bx/it' in size <24> not available
(Font)              Font shape `OT1/ptm/b/it' tried instead on input line 1090.
\IEEEquantizedlength=\dimen145
\IEEEquantizedlengthdiff=\dimen146
\IEEEquantizedtextheightdiff=\dimen147
\IEEEilabelindentA=\dimen148
\IEEEilabelindentB=\dimen149
\IEEEilabelindent=\dimen150
\IEEEelabelindent=\dimen151
\IEEEdlabelindent=\dimen152
\IEEElabelindent=\dimen153
\IEEEiednormlabelsep=\dimen154
\IEEEiedmathlabelsep=\dimen155
\IEEEiedtopsep=\skip47
\c@section=\count188
\c@subsection=\count189
\c@subsubsection=\count190
\c@paragraph=\count191
\c@IEEEsubequation=\count192
\abovecaptionskip=\skip48
\belowcaptionskip=\skip49
\c@figure=\count193
\c@table=\count194
\@IEEEeqnnumcols=\count195
\@IEEEeqncolcnt=\count196
\@IEEEsubeqnnumrollback=\count197
\@IEEEquantizeheightA=\dimen156
\@IEEEquantizeheightB=\dimen157
\@IEEEquantizeheightC=\dimen158
\@IEEEquantizeprevdepth=\dimen159
\@IEEEquantizemultiple=\count198
\@IEEEquantizeboxA=\box50
\@IEEEtmpitemindent=\dimen160
\IEEEPARstartletwidth=\dimen161
\c@IEEEbiography=\count199
\@IEEEtranrubishbin=\box51
)
** ATTENTION: Overriding command lockouts (line 24).
(D:\ProgramFiles\MiKTeX\tex/latex/cite\cite.sty
LaTeX Info: Redefining \cite on input line 302.
LaTeX Info: Redefining \nocite on input line 332.
Package: cite 2015/02/27  v 5.5
) (D:\ProgramFiles\MiKTeX\tex/latex/amsmath\amsmath.sty
Package: amsmath 2021/10/15 v2.17l AMS math features
\@mathmargin=\skip50

For additional information on amsmath, use the `?' option.
(D:\ProgramFiles\MiKTeX\tex/latex/amsmath\amstext.sty
Package: amstext 2021/08/26 v2.01 AMS text
 (D:\ProgramFiles\MiKTeX\tex/latex/amsmath\amsgen.sty
File: amsgen.sty 1999/11/30 v2.0 generic functions
\@emptytoks=\toks17
\ex@=\dimen162
)) (D:\ProgramFiles\MiKTeX\tex/latex/amsmath\amsbsy.sty
Package: amsbsy 1999/11/29 v1.2d Bold Symbols
\pmbraise@=\dimen163
) (D:\ProgramFiles\MiKTeX\tex/latex/amsmath\amsopn.sty
Package: amsopn 2021/08/26 v2.02 operator names
)
\inf@bad=\count266
LaTeX Info: Redefining \frac on input line 234.
\uproot@=\count267
\leftroot@=\count268
LaTeX Info: Redefining \overline on input line 399.
\classnum@=\count269
\DOTSCASE@=\count270
LaTeX Info: Redefining \ldots on input line 496.
LaTeX Info: Redefining \dots on input line 499.
LaTeX Info: Redefining \cdots on input line 620.
\Mathstrutbox@=\box52
\strutbox@=\box53
\big@size=\dimen164
LaTeX Font Info:    Redeclaring font encoding OML on input line 743.
LaTeX Font Info:    Redeclaring font encoding OMS on input line 744.
\macc@depth=\count271
\c@MaxMatrixCols=\count272
\dotsspace@=\muskip16
\c@parentequation=\count273
\dspbrk@lvl=\count274
\tag@help=\toks18
\row@=\count275
\column@=\count276
\maxfields@=\count277
\andhelp@=\toks19
\eqnshift@=\dimen165
\alignsep@=\dimen166
\tagshift@=\dimen167
\tagwidth@=\dimen168
\totwidth@=\dimen169
\lineht@=\dimen170
\@envbody=\toks20
\multlinegap=\skip51
\multlinetaggap=\skip52
\mathdisplay@stack=\toks21
LaTeX Info: Redefining \[ on input line 2938.
LaTeX Info: Redefining \] on input line 2939.
) (D:\ProgramFiles\MiKTeX\tex/latex/amsfonts\amssymb.sty
Package: amssymb 2013/01/14 v3.01 AMS font symbols
 (D:\ProgramFiles\MiKTeX\tex/latex/amsfonts\amsfonts.sty
Package: amsfonts 2013/01/14 v3.01 Basic AMSFonts support
\symAMSa=\mathgroup4
\symAMSb=\mathgroup5
LaTeX Font Info:    Redeclaring math symbol \hbar on input line 98.
LaTeX Font Info:    Overwriting math alphabet `\mathfrak' in version `bold'
(Font)                  U/euf/m/n --> U/euf/b/n on input line 106.
)) (D:\ProgramFiles\MiKTeX\tex/latex/algorithms\algorithmic.sty
Package: algorithmic 2009/08/24 v0.1 Document Style `algorithmic'
 (D:\ProgramFiles\MiKTeX\tex/latex/base\ifthen.sty
Package: ifthen 2020/11/24 v1.1c Standard LaTeX ifthen package (DPC)
) (D:\ProgramFiles\MiKTeX\tex/latex/graphics\keyval.sty
Package: keyval 2014/10/28 v1.15 key=value parser (DPC)
\KV@toks@=\toks22
)
\c@ALC@unique=\count278
\c@ALC@line=\count279
\c@ALC@rem=\count280
\c@ALC@depth=\count281
\ALC@tlm=\skip53
\algorithmicindent=\skip54
) (D:\ProgramFiles\MiKTeX\tex/latex/graphics\graphicx.sty
Package: graphicx 2021/09/16 v1.2d Enhanced LaTeX Graphics (DPC,SPQR)
 (D:\ProgramFiles\MiKTeX\tex/latex/graphics\graphics.sty
Package: graphics 2021/03/04 v1.4d Standard LaTeX Graphics (DPC,SPQR)
 (D:\ProgramFiles\MiKTeX\tex/latex/graphics\trig.sty
Package: trig 2021/08/11 v1.11 sin cos tan (DPC)
) (D:\ProgramFiles\MiKTeX\tex/latex/graphics-cfg\graphics.cfg
File: graphics.cfg 2016/06/04 v1.11 sample graphics configuration
)
Package graphics Info: Driver file: pdftex.def on input line 107.
 (D:\ProgramFiles\MiKTeX\tex/latex/graphics-def\pdftex.def
File: pdftex.def 2020/10/05 v1.2a Graphics/color driver for pdftex
))
\Gin@req@height=\dimen171
\Gin@req@width=\dimen172
) (D:\ProgramFiles\MiKTeX\tex/latex/base\textcomp.sty
Package: textcomp 2020/02/02 v2.0n Standard LaTeX package
) (D:\ProgramFiles\MiKTeX\tex/latex/xcolor\xcolor.sty
Package: xcolor 2021/10/31 v2.13 LaTeX color extensions (UK)
 (D:\ProgramFiles\MiKTeX\tex/latex/graphics-cfg\color.cfg
File: color.cfg 2016/01/02 v1.6 sample color configuration
)
Package xcolor Info: Driver file: pdftex.def on input line 227.
Package xcolor Info: Model `cmy' substituted by `cmy0' on input line 1352.
Package xcolor Info: Model `hsb' substituted by `rgb' on input line 1356.
Package xcolor Info: Model `RGB' extended on input line 1368.
Package xcolor Info: Model `HTML' substituted by `rgb' on input line 1370.
Package xcolor Info: Model `Hsb' substituted by `hsb' on input line 1371.
Package xcolor Info: Model `tHsb' substituted by `hsb' on input line 1372.
Package xcolor Info: Model `HSB' substituted by `hsb' on input line 1373.
Package xcolor Info: Model `Gray' substituted by `gray' on input line 1374.
Package xcolor Info: Model `wave' substituted by `hsb' on input line 1375.
) (D:\ProgramFiles\MiKTeX\tex/latex/float\float.sty
Package: float 2001/11/08 v1.3d Float enhancements (AL)
\c@float@type=\count282
\float@exts=\toks23
\float@box=\box54
\@float@everytoks=\toks24
\@floatcapt=\box55
) (D:\ProgramFiles\MiKTeX\tex/latex/l3backend\l3backend-pdftex.def
File: l3backend-pdftex.def 2022-02-07 L3 backend support: PDF output (pdfTeX)
\l__color_backend_stack_int=\count283
\l__pdf_internal_box=\box56
) (Actuators and Power Electronics Report.aux)
\openout1 = `"Actuators and Power Electronics Report.aux"'.

LaTeX Font Info:    Checking defaults for OML/cmm/m/it on input line 48.
LaTeX Font Info:    ... okay on input line 48.
LaTeX Font Info:    Checking defaults for OMS/cmsy/m/n on input line 48.
LaTeX Font Info:    ... okay on input line 48.
LaTeX Font Info:    Checking defaults for OT1/cmr/m/n on input line 48.
LaTeX Font Info:    ... okay on input line 48.
LaTeX Font Info:    Checking defaults for T1/cmr/m/n on input line 48.
LaTeX Font Info:    ... okay on input line 48.
LaTeX Font Info:    Checking defaults for TS1/cmr/m/n on input line 48.
LaTeX Font Info:    ... okay on input line 48.
LaTeX Font Info:    Checking defaults for OMX/cmex/m/n on input line 48.
LaTeX Font Info:    ... okay on input line 48.
LaTeX Font Info:    Checking defaults for U/cmr/m/n on input line 48.
LaTeX Font Info:    ... okay on input line 48.

-- Lines per column: 56 (exact).
(D:\ProgramFiles\MiKTeX\tex/context/base/mkii\supp-pdf.mkii
[Loading MPS to PDF converter (version 2006.09.02).]
\scratchcounter=\count284
\scratchdimen=\dimen173
\scratchbox=\box57
\nofMPsegments=\count285
\nofMParguments=\count286
\everyMPshowfont=\toks25
\MPscratchCnt=\count287
\MPscratchDim=\dimen174
\MPnumerator=\count288
\makeMPintoPDFobject=\count289
\everyMPtoPDFconversion=\toks26
) (D:\ProgramFiles\MiKTeX\tex/latex/epstopdf-pkg\epstopdf-base.sty
Package: epstopdf-base 2020-01-24 v2.11 Base part for package epstopdf
Package epstopdf-base Info: Redefining graphics rule for `.eps' on input line 485.
 (D:\ProgramFiles\MiKTeX\tex/latex/00miktex\epstopdf-sys.cfg
File: epstopdf-sys.cfg 2021/03/18 v2.0 Configuration of epstopdf for MiKTeX
))
Underfull \vbox (badness 1616) has occurred while \output is active []

LaTeX Font Info:    Trying to load font information for U+msa on input line 146.
 (D:\ProgramFiles\MiKTeX\tex/latex/amsfonts\umsa.fd
File: umsa.fd 2013/01/14 v3.01 AMS symbols A
)
LaTeX Font Info:    Trying to load font information for U+msb on input line 146.
 (D:\ProgramFiles\MiKTeX\tex/latex/amsfonts\umsb.fd
File: umsb.fd 2013/01/14 v3.01 AMS symbols B
) [1{C:/Users/aidan/AppData/Local/MiKTeX/fonts/map/pdftex/pdftex.map}


]
<figures/3.png, id=10, 991.45406pt x 757.32938pt>
File: figures/3.png Graphic file (type png)
<use figures/3.png>
Package pdftex.def Info: figures/3.png  used on input line 234.
(pdftex.def)             Requested size: 232.19843pt x 177.35995pt.
<figures/4.png, id=12, 976.39781pt x 773.89125pt>
File: figures/4.png Graphic file (type png)
<use figures/4.png>
Package pdftex.def Info: figures/4.png  used on input line 242.
(pdftex.def)             Requested size: 252.84283pt x 200.39218pt.

Overfull \hbox (0.84283pt too wide) in paragraph at lines 242--242
 [][] 
 []


LaTeX Warning: `h' float specifier changed to `ht'.


Underfull \hbox (badness 10000) in paragraph at lines 246--248

 []


Underfull \hbox (badness 10000) in paragraph at lines 257--258

 []

<figures/10.png, id=13, 1423.3175pt x 978.65625pt>
File: figures/10.png Graphic file (type png)
<use figures/10.png>
Package pdftex.def Info: figures/10.png  used on input line 263.
(pdftex.def)             Requested size: 252.84283pt x 173.85083pt.

Overfull \hbox (0.84283pt too wide) in paragraph at lines 263--263
 [][] 
 []


LaTeX Warning: `h' float specifier changed to `ht'.

[2 <./figures/3.png> <./figures/4.png>]
<figures/11.png, id=24, 703.87968pt x 556.32843pt>
File: figures/11.png Graphic file (type png)
<use figures/11.png>
Package pdftex.def Info: figures/11.png  used on input line 313.
(pdftex.def)             Requested size: 232.19843pt x 183.52103pt.
<figures/12.png, id=25, 502.12593pt x 145.29282pt>
File: figures/12.png Graphic file (type png)
<use figures/12.png>
Package pdftex.def Info: figures/12.png  used on input line 332.
(pdftex.def)             Requested size: 232.19843pt x 67.18799pt.
<figures/1.png, id=26, 1307.88625pt x 606.265pt>
File: figures/1.png Graphic file (type png)
<use figures/1.png>
Package pdftex.def Info: figures/1.png  used on input line 340.
(pdftex.def)             Requested size: 283.80157pt x 131.54704pt.

Overfull \hbox (31.80157pt too wide) in paragraph at lines 340--340
 [][] 
 []

[3 <./figures/10.png> <./figures/11.png> <./figures/12.png> <./figures/1.png>]
<figures/2.png, id=35, 350.30875pt x 176.66pt>
File: figures/2.png Graphic file (type png)
<use figures/2.png>
Package pdftex.def Info: figures/2.png  used on input line 383.
(pdftex.def)             Requested size: 232.19843pt x 117.10002pt.

Overfull \hbox (28.53595pt too wide) detected at line 418
 []$[]  \OML/cmm/m/it/10 ^^\[] \OT1/cmr/m/n/10 = [] \OMS/cmsy/m/n/10 ^^A \OT1/cmr/m/n/10 (\OML/cmm/m/it/10 I[] \OT1/cmr/m/n/10 + \OML/cmm/m/it/10 I[] \OT1/cmr/m/n/10 + \OML/cmm/m/it/10 Ml[] \OT1/cmr/m/n/10 + \OML/cmm/m/it/10 m[]r[]\OT1/cmr/m/n/10 ) \OMS/cmsy/m/n/10 ^^@ \OML/cmm/m/it/10 g\OT1/cmr/m/n/10 (\OML/cmm/m/it/10 l[]cos\OT1/cmr/m/n/10 (\OML/cmm/m/it/10 ^^R[] \OT1/cmr/m/n/10 + \OML/cmm/m/it/10 ^^R[]\OT1/cmr/m/n/10 )(3\OML/cmm/m/it/10 M \OT1/cmr/m/n/10 + \OML/cmm/m/it/10 m[] \OT1/cmr/m/n/10 + [])$ 
 []


Underfull \hbox (badness 10000) in paragraph at lines 424--425

 []

<figures/13.png, id=36, 997.47656pt x 456.20438pt>
File: figures/13.png Graphic file (type png)
<use figures/13.png>
Package pdftex.def Info: figures/13.png  used on input line 453.
(pdftex.def)             Requested size: 232.19843pt x 106.19171pt.
[4 <./figures/2.png> <./figures/13.png>]
Underfull \hbox (badness 10000) in paragraph at lines 491--492

 []


Underfull \hbox (badness 10000) in paragraph at lines 493--494

 []

<figures/5.png, id=42, 1953.2975pt x 923.45pt>
File: figures/5.png Graphic file (type png)
<use figures/5.png>
Package pdftex.def Info: figures/5.png  used on input line 497.
(pdftex.def)             Requested size: 258.0pt x 121.96904pt.

Overfull \hbox (6.0pt too wide) in paragraph at lines 497--497
 [][] 
 []

<figures/6.png, id=43, 1723.43875pt x 724.7075pt>
File: figures/6.png Graphic file (type png)
<use figures/6.png>
Package pdftex.def Info: figures/6.png  used on input line 503.
(pdftex.def)             Requested size: 258.0pt x 108.48027pt.

Overfull \hbox (6.0pt too wide) in paragraph at lines 503--503
 [][] 
 []

<figures/14.png, id=44, 1379.1525pt x 321.2pt>
File: figures/14.png Graphic file (type png)
<use figures/14.png>
Package pdftex.def Info: figures/14.png  used on input line 517.
(pdftex.def)             Requested size: 232.19843pt x 54.07394pt.
<figures/17.png, id=45, 1199.98312pt x 295.85532pt>
File: figures/17.png Graphic file (type png)
<use figures/17.png>
Package pdftex.def Info: figures/17.png  used on input line 523.
(pdftex.def)             Requested size: 232.19843pt x 57.24687pt.
<figures/15.png, id=46, 433.62pt x 257.96375pt>
File: figures/15.png Graphic file (type png)
<use figures/15.png>
Package pdftex.def Info: figures/15.png  used on input line 532.
(pdftex.def)             Requested size: 232.19843pt x 138.13716pt.

LaTeX Warning: `h' float specifier changed to `ht'.

<figures/16.png, id=47, 438.63875pt x 213.79875pt>
File: figures/16.png Graphic file (type png)
<use figures/16.png>
Package pdftex.def Info: figures/16.png  used on input line 537.
(pdftex.def)             Requested size: 232.19843pt x 113.17903pt.

LaTeX Warning: `h' float specifier changed to `ht'.

[5 <./figures/5.png> <./figures/6.png> <./figures/14.png> <./figures/17.png>] (Actuators and Power Electronics Report.bbl
Overfull \hbox (3.1175pt too wide) in paragraph at lines 48--54
\OT1/ptm/m/n/8 https://www.sciencedirect.com/science/article/pii/B9780124201651000263 
 []

)

** Conference Paper **
Before submitting the final camera ready copy, remember to:

 1. Manually equalize the lengths of two columns on the last page
 of your paper;

 2. Ensure that any PostScript and/or PDF output post-processing
 uses only Type 1 fonts and that every step in the generation
 process uses the appropriate paper size.

[6

 <./figures/15.png> <./figures/16.png>] (Actuators and Power Electronics Report.aux) ) 
Here is how much of TeX's memory you used:
 4357 strings out of 478582
 69056 string characters out of 2854663
 377045 words of memory out of 3000000
 22488 multiletter control sequences out of 15000+600000
 506285 words of font info for 99 fonts, out of 8000000 for 9000
 1141 hyphenation exceptions out of 8191
 55i,8n,62p,2052b,255s stack positions out of 10000i,1000n,20000p,200000b,80000s
{D:/ProgramFiles/MiKTeX/fonts/enc/dvips/base/8r.enc}<D:/ProgramFiles/MiKTeX/fonts/type1/public/amsfonts/cm/cmex10.pfb><D:/ProgramFiles/MiKTeX/fonts/type1/public/amsfonts/cm/cmmi10.pfb><D:/ProgramFiles/MiKTeX/fonts/type1/public/amsfonts/cm/cmmi7.pfb><D:/ProgramFiles/MiKTeX/fonts/type1/public/amsfonts/cm/cmr10.pfb><D:/ProgramFiles/MiKTeX/fonts/type1/public/amsfonts/cm/cmr7.pfb><D:/ProgramFiles/MiKTeX/fonts/type1/public/amsfonts/cm/cmsy10.pfb><D:/ProgramFiles/MiKTeX/fonts/type1/public/amsfonts/cm/cmsy7.pfb><D:/ProgramFiles/MiKTeX/fonts/type1/urw/times/utmb8a.pfb><D:/ProgramFiles/MiKTeX/fonts/type1/urw/times/utmbi8a.pfb><D:/ProgramFiles/MiKTeX/fonts/type1/urw/times/utmr8a.pfb><D:/ProgramFiles/MiKTeX/fonts/type1/urw/times/utmri8a.pfb>
Output written on "Actuators and Power Electronics Report.pdf" (6 pages, 3624573 bytes).
PDF statistics:
 106 PDF objects out of 1000 (max. 8388607)
 0 named destinations out of 1000 (max. 500000)
 71 words of extra memory for PDF output out of 10000 (max. 10000000)

